[2023-01-26 22:23:06] local.ERROR: mktime(): Argument #4 ($month) must be of type ?int, string given {"exception":"[object] (TypeError(code: 0): mktime(): Argument #4 ($month) must be of type ?int, string given at /Users/macbookpro/Desktop/Apps/php-apps/assessment/app/Services/SalaryPaymentService.php:19)
[stacktrace]
#0 /Users/macbookpro/Desktop/Apps/php-apps/assessment/app/Services/SalaryPaymentService.php(19): mktime(0, 0, 0, '1', 1)
#1 /Users/macbookpro/Desktop/Apps/php-apps/assessment/app/Console/Commands/GenerateSalaryPaymentCommand.php(34): App\\Services\\SalaryPaymentService->calculatePaymentDates()
#2 /Users/macbookpro/Desktop/Apps/php-apps/assessment/vendor/laravel/framework/src/Illuminate/Container/BoundMethod.php(36): App\\Console\\Commands\\GenerateSalaryPaymentCommand->handle()
#3 /Users/macbookpro/Desktop/Apps/php-apps/assessment/vendor/laravel/framework/src/Illuminate/Container/Util.php(41): Illuminate\\Container\\BoundMethod::Illuminate\\Container\\{closure}()
#4 /Users/macbookpro/Desktop/Apps/php-apps/assessment/vendor/laravel/framework/src/Illuminate/Container/BoundMethod.php(93): Illuminate\\Container\\Util::unwrapIfClosure(Object(Closure))
#5 /Users/macbookpro/Desktop/Apps/php-apps/assessment/vendor/laravel/framework/src/Illuminate/Container/BoundMethod.php(37): Illuminate\\Container\\BoundMethod::callBoundMethod(Object(Illuminate\\Foundation\\Application), Array, Object(Closure))
#6 /Users/macbookpro/Desktop/Apps/php-apps/assessment/vendor/laravel/framework/src/Illuminate/Container/Container.php(651): Illuminate\\Container\\BoundMethod::call(Object(Illuminate\\Foundation\\Application), Array, Array, NULL)
#7 /Users/macbookpro/Desktop/Apps/php-apps/assessment/vendor/laravel/framework/src/Illuminate/Console/Command.php(182): Illuminate\\Container\\Container->call(Array)
#8 /Users/macbookpro/Desktop/Apps/php-apps/assessment/vendor/symfony/console/Command/Command.php(312): Illuminate\\Console\\Command->execute(Object(Symfony\\Component\\Console\\Input\\ArgvInput), Object(Illuminate\\Console\\OutputStyle))
#9 /Users/macbookpro/Desktop/Apps/php-apps/assessment/vendor/laravel/framework/src/Illuminate/Console/Command.php(152): Symfony\\Component\\Console\\Command\\Command->run(Object(Symfony\\Component\\Console\\Input\\ArgvInput), Object(Illuminate\\Console\\OutputStyle))
#10 /Users/macbookpro/Desktop/Apps/php-apps/assessment/vendor/symfony/console/Application.php(1020): Illuminate\\Console\\Command->run(Object(Symfony\\Component\\Console\\Input\\ArgvInput), Object(Symfony\\Component\\Console\\Output\\ConsoleOutput))
#11 /Users/macbookpro/Desktop/Apps/php-apps/assessment/vendor/symfony/console/Application.php(312): Symfony\\Component\\Console\\Application->doRunCommand(Object(App\\Console\\Commands\\GenerateSalaryPaymentCommand), Object(Symfony\\Component\\Console\\Input\\ArgvInput), Object(Symfony\\Component\\Console\\Output\\ConsoleOutput))
#12 /Users/macbookpro/Desktop/Apps/php-apps/assessment/vendor/symfony/console/Application.php(168): Symfony\\Component\\Console\\Application->doRun(Object(Symfony\\Component\\Console\\Input\\ArgvInput), Object(Symfony\\Component\\Console\\Output\\ConsoleOutput))
#13 /Users/macbookpro/Desktop/Apps/php-apps/assessment/vendor/laravel/framework/src/Illuminate/Console/Application.php(102): Symfony\\Component\\Console\\Application->run(Object(Symfony\\Component\\Console\\Input\\ArgvInput), Object(Symfony\\Component\\Console\\Output\\ConsoleOutput))
#14 /Users/macbookpro/Desktop/Apps/php-apps/assessment/vendor/laravel/framework/src/Illuminate/Foundation/Console/Kernel.php(155): Illuminate\\Console\\Application->run(Object(Symfony\\Component\\Console\\Input\\ArgvInput), Object(Symfony\\Component\\Console\\Output\\ConsoleOutput))
#15 /Users/macbookpro/Desktop/Apps/php-apps/assessment/artisan(37): Illuminate\\Foundation\\Console\\Kernel->handle(Object(Symfony\\Component\\Console\\Input\\ArgvInput), Object(Symfony\\Component\\Console\\Output\\ConsoleOutput))
#16 {main}
"} 
[2023-01-26 22:24:05] local.ERROR: mktime(): Argument #4 ($month) must be of type ?int, string given {"exception":"[object] (TypeError(code: 0): mktime(): Argument #4 ($month) must be of type ?int, string given at /Users/macbookpro/Desktop/Apps/php-apps/assessment/app/Services/SalaryPaymentService.php:19)
[stacktrace]
#0 /Users/macbookpro/Desktop/Apps/php-apps/assessment/app/Services/SalaryPaymentService.php(19): mktime(0, 0, 0, '1', 1)
#1 /Users/macbookpro/Desktop/Apps/php-apps/assessment/app/Console/Commands/GenerateSalaryPaymentCommand.php(34): App\\Services\\SalaryPaymentService->calculatePaymentDates()
#2 /Users/macbookpro/Desktop/Apps/php-apps/assessment/vendor/laravel/framework/src/Illuminate/Container/BoundMethod.php(36): App\\Console\\Commands\\GenerateSalaryPaymentCommand->handle()
#3 /Users/macbookpro/Desktop/Apps/php-apps/assessment/vendor/laravel/framework/src/Illuminate/Container/Util.php(41): Illuminate\\Container\\BoundMethod::Illuminate\\Container\\{closure}()
#4 /Users/macbookpro/Desktop/Apps/php-apps/assessment/vendor/laravel/framework/src/Illuminate/Container/BoundMethod.php(93): Illuminate\\Container\\Util::unwrapIfClosure(Object(Closure))
#5 /Users/macbookpro/Desktop/Apps/php-apps/assessment/vendor/laravel/framework/src/Illuminate/Container/BoundMethod.php(37): Illuminate\\Container\\BoundMethod::callBoundMethod(Object(Illuminate\\Foundation\\Application), Array, Object(Closure))
#6 /Users/macbookpro/Desktop/Apps/php-apps/assessment/vendor/laravel/framework/src/Illuminate/Container/Container.php(651): Illuminate\\Container\\BoundMethod::call(Object(Illuminate\\Foundation\\Application), Array, Array, NULL)
#7 /Users/macbookpro/Desktop/Apps/php-apps/assessment/vendor/laravel/framework/src/Illuminate/Console/Command.php(182): Illuminate\\Container\\Container->call(Array)
#8 /Users/macbookpro/Desktop/Apps/php-apps/assessment/vendor/symfony/console/Command/Command.php(312): Illuminate\\Console\\Command->execute(Object(Symfony\\Component\\Console\\Input\\ArgvInput), Object(Illuminate\\Console\\OutputStyle))
#9 /Users/macbookpro/Desktop/Apps/php-apps/assessment/vendor/laravel/framework/src/Illuminate/Console/Command.php(152): Symfony\\Component\\Console\\Command\\Command->run(Object(Symfony\\Component\\Console\\Input\\ArgvInput), Object(Illuminate\\Console\\OutputStyle))
#10 /Users/macbookpro/Desktop/Apps/php-apps/assessment/vendor/symfony/console/Application.php(1020): Illuminate\\Console\\Command->run(Object(Symfony\\Component\\Console\\Input\\ArgvInput), Object(Symfony\\Component\\Console\\Output\\ConsoleOutput))
#11 /Users/macbookpro/Desktop/Apps/php-apps/assessment/vendor/symfony/console/Application.php(312): Symfony\\Component\\Console\\Application->doRunCommand(Object(App\\Console\\Commands\\GenerateSalaryPaymentCommand), Object(Symfony\\Component\\Console\\Input\\ArgvInput), Object(Symfony\\Component\\Console\\Output\\ConsoleOutput))
#12 /Users/macbookpro/Desktop/Apps/php-apps/assessment/vendor/symfony/console/Application.php(168): Symfony\\Component\\Console\\Application->doRun(Object(Symfony\\Component\\Console\\Input\\ArgvInput), Object(Symfony\\Component\\Console\\Output\\ConsoleOutput))
#13 /Users/macbookpro/Desktop/Apps/php-apps/assessment/vendor/laravel/framework/src/Illuminate/Console/Application.php(102): Symfony\\Component\\Console\\Application->run(Object(Symfony\\Component\\Console\\Input\\ArgvInput), Object(Symfony\\Component\\Console\\Output\\ConsoleOutput))
#14 /Users/macbookpro/Desktop/Apps/php-apps/assessment/vendor/laravel/framework/src/Illuminate/Foundation/Console/Kernel.php(155): Illuminate\\Console\\Application->run(Object(Symfony\\Component\\Console\\Input\\ArgvInput), Object(Symfony\\Component\\Console\\Output\\ConsoleOutput))
#15 /Users/macbookpro/Desktop/Apps/php-apps/assessment/artisan(37): Illuminate\\Foundation\\Console\\Kernel->handle(Object(Symfony\\Component\\Console\\Input\\ArgvInput), Object(Symfony\\Component\\Console\\Output\\ConsoleOutput))
#16 {main}
"} 
[2023-01-26 22:24:28] local.ERROR: mktime(): Argument #5 ($day) must be of type ?int, string given {"exception":"[object] (TypeError(code: 0): mktime(): Argument #5 ($day) must be of type ?int, string given at /Users/macbookpro/Desktop/Apps/php-apps/assessment/app/Services/SalaryPaymentService.php:25)
[stacktrace]
#0 /Users/macbookpro/Desktop/Apps/php-apps/assessment/app/Services/SalaryPaymentService.php(25): mktime(0, 0, 0, 1, '31', '2023')
#1 /Users/macbookpro/Desktop/Apps/php-apps/assessment/app/Console/Commands/GenerateSalaryPaymentCommand.php(34): App\\Services\\SalaryPaymentService->calculatePaymentDates()
#2 /Users/macbookpro/Desktop/Apps/php-apps/assessment/vendor/laravel/framework/src/Illuminate/Container/BoundMethod.php(36): App\\Console\\Commands\\GenerateSalaryPaymentCommand->handle()
#3 /Users/macbookpro/Desktop/Apps/php-apps/assessment/vendor/laravel/framework/src/Illuminate/Container/Util.php(41): Illuminate\\Container\\BoundMethod::Illuminate\\Container\\{closure}()
#4 /Users/macbookpro/Desktop/Apps/php-apps/assessment/vendor/laravel/framework/src/Illuminate/Container/BoundMethod.php(93): Illuminate\\Container\\Util::unwrapIfClosure(Object(Closure))
#5 /Users/macbookpro/Desktop/Apps/php-apps/assessment/vendor/laravel/framework/src/Illuminate/Container/BoundMethod.php(37): Illuminate\\Container\\BoundMethod::callBoundMethod(Object(Illuminate\\Foundation\\Application), Array, Object(Closure))
#6 /Users/macbookpro/Desktop/Apps/php-apps/assessment/vendor/laravel/framework/src/Illuminate/Container/Container.php(651): Illuminate\\Container\\BoundMethod::call(Object(Illuminate\\Foundation\\Application), Array, Array, NULL)
#7 /Users/macbookpro/Desktop/Apps/php-apps/assessment/vendor/laravel/framework/src/Illuminate/Console/Command.php(182): Illuminate\\Container\\Container->call(Array)
#8 /Users/macbookpro/Desktop/Apps/php-apps/assessment/vendor/symfony/console/Command/Command.php(312): Illuminate\\Console\\Command->execute(Object(Symfony\\Component\\Console\\Input\\ArgvInput), Object(Illuminate\\Console\\OutputStyle))
#9 /Users/macbookpro/Desktop/Apps/php-apps/assessment/vendor/laravel/framework/src/Illuminate/Console/Command.php(152): Symfony\\Component\\Console\\Command\\Command->run(Object(Symfony\\Component\\Console\\Input\\ArgvInput), Object(Illuminate\\Console\\OutputStyle))
#10 /Users/macbookpro/Desktop/Apps/php-apps/assessment/vendor/symfony/console/Application.php(1020): Illuminate\\Console\\Command->run(Object(Symfony\\Component\\Console\\Input\\ArgvInput), Object(Symfony\\Component\\Console\\Output\\ConsoleOutput))
#11 /Users/macbookpro/Desktop/Apps/php-apps/assessment/vendor/symfony/console/Application.php(312): Symfony\\Component\\Console\\Application->doRunCommand(Object(App\\Console\\Commands\\GenerateSalaryPaymentCommand), Object(Symfony\\Component\\Console\\Input\\ArgvInput), Object(Symfony\\Component\\Console\\Output\\ConsoleOutput))
#12 /Users/macbookpro/Desktop/Apps/php-apps/assessment/vendor/symfony/console/Application.php(168): Symfony\\Component\\Console\\Application->doRun(Object(Symfony\\Component\\Console\\Input\\ArgvInput), Object(Symfony\\Component\\Console\\Output\\ConsoleOutput))
#13 /Users/macbookpro/Desktop/Apps/php-apps/assessment/vendor/laravel/framework/src/Illuminate/Console/Application.php(102): Symfony\\Component\\Console\\Application->run(Object(Symfony\\Component\\Console\\Input\\ArgvInput), Object(Symfony\\Component\\Console\\Output\\ConsoleOutput))
#14 /Users/macbookpro/Desktop/Apps/php-apps/assessment/vendor/laravel/framework/src/Illuminate/Foundation/Console/Kernel.php(155): Illuminate\\Console\\Application->run(Object(Symfony\\Component\\Console\\Input\\ArgvInput), Object(Symfony\\Component\\Console\\Output\\ConsoleOutput))
#15 /Users/macbookpro/Desktop/Apps/php-apps/assessment/artisan(37): Illuminate\\Foundation\\Console\\Kernel->handle(Object(Symfony\\Component\\Console\\Input\\ArgvInput), Object(Symfony\\Component\\Console\\Output\\ConsoleOutput))
#16 {main}
"} 
[2023-01-26 22:25:02] local.ERROR: mktime(): Argument #5 ($day) must be of type ?int, string given {"exception":"[object] (TypeError(code: 0): mktime(): Argument #5 ($day) must be of type ?int, string given at /Users/macbookpro/Desktop/Apps/php-apps/assessment/app/Services/SalaryPaymentService.php:25)
[stacktrace]
#0 /Users/macbookpro/Desktop/Apps/php-apps/assessment/app/Services/SalaryPaymentService.php(25): mktime(0, 0, 0, 1, '31', '2023')
#1 /Users/macbookpro/Desktop/Apps/php-apps/assessment/app/Console/Commands/GenerateSalaryPaymentCommand.php(34): App\\Services\\SalaryPaymentService->calculatePaymentDates()
#2 /Users/macbookpro/Desktop/Apps/php-apps/assessment/vendor/laravel/framework/src/Illuminate/Container/BoundMethod.php(36): App\\Console\\Commands\\GenerateSalaryPaymentCommand->handle()
#3 /Users/macbookpro/Desktop/Apps/php-apps/assessment/vendor/laravel/framework/src/Illuminate/Container/Util.php(41): Illuminate\\Container\\BoundMethod::Illuminate\\Container\\{closure}()
#4 /Users/macbookpro/Desktop/Apps/php-apps/assessment/vendor/laravel/framework/src/Illuminate/Container/BoundMethod.php(93): Illuminate\\Container\\Util::unwrapIfClosure(Object(Closure))
#5 /Users/macbookpro/Desktop/Apps/php-apps/assessment/vendor/laravel/framework/src/Illuminate/Container/BoundMethod.php(37): Illuminate\\Container\\BoundMethod::callBoundMethod(Object(Illuminate\\Foundation\\Application), Array, Object(Closure))
#6 /Users/macbookpro/Desktop/Apps/php-apps/assessment/vendor/laravel/framework/src/Illuminate/Container/Container.php(651): Illuminate\\Container\\BoundMethod::call(Object(Illuminate\\Foundation\\Application), Array, Array, NULL)
#7 /Users/macbookpro/Desktop/Apps/php-apps/assessment/vendor/laravel/framework/src/Illuminate/Console/Command.php(182): Illuminate\\Container\\Container->call(Array)
#8 /Users/macbookpro/Desktop/Apps/php-apps/assessment/vendor/symfony/console/Command/Command.php(312): Illuminate\\Console\\Command->execute(Object(Symfony\\Component\\Console\\Input\\ArgvInput), Object(Illuminate\\Console\\OutputStyle))
#9 /Users/macbookpro/Desktop/Apps/php-apps/assessment/vendor/laravel/framework/src/Illuminate/Console/Command.php(152): Symfony\\Component\\Console\\Command\\Command->run(Object(Symfony\\Component\\Console\\Input\\ArgvInput), Object(Illuminate\\Console\\OutputStyle))
#10 /Users/macbookpro/Desktop/Apps/php-apps/assessment/vendor/symfony/console/Application.php(1020): Illuminate\\Console\\Command->run(Object(Symfony\\Component\\Console\\Input\\ArgvInput), Object(Symfony\\Component\\Console\\Output\\ConsoleOutput))
#11 /Users/macbookpro/Desktop/Apps/php-apps/assessment/vendor/symfony/console/Application.php(312): Symfony\\Component\\Console\\Application->doRunCommand(Object(App\\Console\\Commands\\GenerateSalaryPaymentCommand), Object(Symfony\\Component\\Console\\Input\\ArgvInput), Object(Symfony\\Component\\Console\\Output\\ConsoleOutput))
#12 /Users/macbookpro/Desktop/Apps/php-apps/assessment/vendor/symfony/console/Application.php(168): Symfony\\Component\\Console\\Application->doRun(Object(Symfony\\Component\\Console\\Input\\ArgvInput), Object(Symfony\\Component\\Console\\Output\\ConsoleOutput))
#13 /Users/macbookpro/Desktop/Apps/php-apps/assessment/vendor/laravel/framework/src/Illuminate/Console/Application.php(102): Symfony\\Component\\Console\\Application->run(Object(Symfony\\Component\\Console\\Input\\ArgvInput), Object(Symfony\\Component\\Console\\Output\\ConsoleOutput))
#14 /Users/macbookpro/Desktop/Apps/php-apps/assessment/vendor/laravel/framework/src/Illuminate/Foundation/Console/Kernel.php(155): Illuminate\\Console\\Application->run(Object(Symfony\\Component\\Console\\Input\\ArgvInput), Object(Symfony\\Component\\Console\\Output\\ConsoleOutput))
#15 /Users/macbookpro/Desktop/Apps/php-apps/assessment/artisan(37): Illuminate\\Foundation\\Console\\Kernel->handle(Object(Symfony\\Component\\Console\\Input\\ArgvInput), Object(Symfony\\Component\\Console\\Output\\ConsoleOutput))
#16 {main}
"} 
[2023-01-26 23:05:29] local.ERROR: Undefined array key "month" {"exception":"[object] (ErrorException(code: 0): Undefined array key \"month\" at /Users/macbookpro/Desktop/Apps/php-apps/assessment/app/Services/Service5.php:68)
[stacktrace]
#0 /Users/macbookpro/Desktop/Apps/php-apps/assessment/vendor/laravel/framework/src/Illuminate/Foundation/Bootstrap/HandleExceptions.php(259): Illuminate\\Foundation\\Bootstrap\\HandleExceptions->handleError(2, 'Undefined array...', '/Users/macbookp...', 68)
#1 /Users/macbookpro/Desktop/Apps/php-apps/assessment/app/Services/Service5.php(68): Illuminate\\Foundation\\Bootstrap\\HandleExceptions->Illuminate\\Foundation\\Bootstrap\\{closure}(2, 'Undefined array...', '/Users/macbookp...', 68)
#2 /Users/macbookpro/Desktop/Apps/php-apps/assessment/app/Services/Service5.php(28): App\\Services\\Service5->generateCSV(Array)
#3 /Users/macbookpro/Desktop/Apps/php-apps/assessment/app/Console/Commands/GenerateSalaryPaymentCommand.php(49): App\\Services\\Service5->generatePaymentDates(2023)
#4 /Users/macbookpro/Desktop/Apps/php-apps/assessment/vendor/laravel/framework/src/Illuminate/Container/BoundMethod.php(36): App\\Console\\Commands\\GenerateSalaryPaymentCommand->handle()
#5 /Users/macbookpro/Desktop/Apps/php-apps/assessment/vendor/laravel/framework/src/Illuminate/Container/Util.php(41): Illuminate\\Container\\BoundMethod::Illuminate\\Container\\{closure}()
#6 /Users/macbookpro/Desktop/Apps/php-apps/assessment/vendor/laravel/framework/src/Illuminate/Container/BoundMethod.php(93): Illuminate\\Container\\Util::unwrapIfClosure(Object(Closure))
#7 /Users/macbookpro/Desktop/Apps/php-apps/assessment/vendor/laravel/framework/src/Illuminate/Container/BoundMethod.php(37): Illuminate\\Container\\BoundMethod::callBoundMethod(Object(Illuminate\\Foundation\\Application), Array, Object(Closure))
#8 /Users/macbookpro/Desktop/Apps/php-apps/assessment/vendor/laravel/framework/src/Illuminate/Container/Container.php(651): Illuminate\\Container\\BoundMethod::call(Object(Illuminate\\Foundation\\Application), Array, Array, NULL)
#9 /Users/macbookpro/Desktop/Apps/php-apps/assessment/vendor/laravel/framework/src/Illuminate/Console/Command.php(182): Illuminate\\Container\\Container->call(Array)
#10 /Users/macbookpro/Desktop/Apps/php-apps/assessment/vendor/symfony/console/Command/Command.php(312): Illuminate\\Console\\Command->execute(Object(Symfony\\Component\\Console\\Input\\ArgvInput), Object(Illuminate\\Console\\OutputStyle))
#11 /Users/macbookpro/Desktop/Apps/php-apps/assessment/vendor/laravel/framework/src/Illuminate/Console/Command.php(152): Symfony\\Component\\Console\\Command\\Command->run(Object(Symfony\\Component\\Console\\Input\\ArgvInput), Object(Illuminate\\Console\\OutputStyle))
#12 /Users/macbookpro/Desktop/Apps/php-apps/assessment/vendor/symfony/console/Application.php(1020): Illuminate\\Console\\Command->run(Object(Symfony\\Component\\Console\\Input\\ArgvInput), Object(Symfony\\Component\\Console\\Output\\ConsoleOutput))
#13 /Users/macbookpro/Desktop/Apps/php-apps/assessment/vendor/symfony/console/Application.php(312): Symfony\\Component\\Console\\Application->doRunCommand(Object(App\\Console\\Commands\\GenerateSalaryPaymentCommand), Object(Symfony\\Component\\Console\\Input\\ArgvInput), Object(Symfony\\Component\\Console\\Output\\ConsoleOutput))
#14 /Users/macbookpro/Desktop/Apps/php-apps/assessment/vendor/symfony/console/Application.php(168): Symfony\\Component\\Console\\Application->doRun(Object(Symfony\\Component\\Console\\Input\\ArgvInput), Object(Symfony\\Component\\Console\\Output\\ConsoleOutput))
#15 /Users/macbookpro/Desktop/Apps/php-apps/assessment/vendor/laravel/framework/src/Illuminate/Console/Application.php(102): Symfony\\Component\\Console\\Application->run(Object(Symfony\\Component\\Console\\Input\\ArgvInput), Object(Symfony\\Component\\Console\\Output\\ConsoleOutput))
#16 /Users/macbookpro/Desktop/Apps/php-apps/assessment/vendor/laravel/framework/src/Illuminate/Foundation/Console/Kernel.php(155): Illuminate\\Console\\Application->run(Object(Symfony\\Component\\Console\\Input\\ArgvInput), Object(Symfony\\Component\\Console\\Output\\ConsoleOutput))
#17 /Users/macbookpro/Desktop/Apps/php-apps/assessment/artisan(37): Illuminate\\Foundation\\Console\\Kernel->handle(Object(Symfony\\Component\\Console\\Input\\ArgvInput), Object(Symfony\\Component\\Console\\Output\\ConsoleOutput))
#18 {main}
"} 
[2023-01-27 10:02:10] local.ERROR: Too few arguments to function App\Services\SalaryPaymentService::calculatePaymentDates(), 0 passed in /Users/macbookpro/Desktop/Apps/php-apps/assessment/routes/api.php on line 8 and exactly 1 expected {"exception":"[object] (ArgumentCountError(code: 0): Too few arguments to function App\\Services\\SalaryPaymentService::calculatePaymentDates(), 0 passed in /Users/macbookpro/Desktop/Apps/php-apps/assessment/routes/api.php on line 8 and exactly 1 expected at /Users/macbookpro/Desktop/Apps/php-apps/assessment/app/Services/SalaryPaymentService.php:7)
[stacktrace]
#0 /Users/macbookpro/Desktop/Apps/php-apps/assessment/routes/api.php(8): App\\Services\\SalaryPaymentService->calculatePaymentDates()
#1 /Users/macbookpro/Desktop/Apps/php-apps/assessment/vendor/laravel/framework/src/Illuminate/Routing/CallableDispatcher.php(40): Illuminate\\Routing\\RouteFileRegistrar->{closure}(Object(Illuminate\\Http\\Request), Object(App\\Services\\SalaryPaymentService))
#2 /Users/macbookpro/Desktop/Apps/php-apps/assessment/vendor/laravel/framework/src/Illuminate/Routing/Route.php(237): Illuminate\\Routing\\CallableDispatcher->dispatch(Object(Illuminate\\Routing\\Route), Object(Closure))
#3 /Users/macbookpro/Desktop/Apps/php-apps/assessment/vendor/laravel/framework/src/Illuminate/Routing/Route.php(208): Illuminate\\Routing\\Route->runCallable()
#4 /Users/macbookpro/Desktop/Apps/php-apps/assessment/vendor/laravel/framework/src/Illuminate/Routing/Router.php(798): Illuminate\\Routing\\Route->run()
#5 /Users/macbookpro/Desktop/Apps/php-apps/assessment/vendor/laravel/framework/src/Illuminate/Pipeline/Pipeline.php(141): Illuminate\\Routing\\Router->Illuminate\\Routing\\{closure}(Object(Illuminate\\Http\\Request))
#6 /Users/macbookpro/Desktop/Apps/php-apps/assessment/vendor/laravel/framework/src/Illuminate/Routing/Middleware/SubstituteBindings.php(50): Illuminate\\Pipeline\\Pipeline->Illuminate\\Pipeline\\{closure}(Object(Illuminate\\Http\\Request))
#7 /Users/macbookpro/Desktop/Apps/php-apps/assessment/vendor/laravel/framework/src/Illuminate/Pipeline/Pipeline.php(180): Illuminate\\Routing\\Middleware\\SubstituteBindings->handle(Object(Illuminate\\Http\\Request), Object(Closure))
#8 /Users/macbookpro/Desktop/Apps/php-apps/assessment/vendor/laravel/framework/src/Illuminate/Routing/Middleware/ThrottleRequests.php(126): Illuminate\\Pipeline\\Pipeline->Illuminate\\Pipeline\\{closure}(Object(Illuminate\\Http\\Request))
#9 /Users/macbookpro/Desktop/Apps/php-apps/assessment/vendor/laravel/framework/src/Illuminate/Routing/Middleware/ThrottleRequests.php(102): Illuminate\\Routing\\Middleware\\ThrottleRequests->handleRequest(Object(Illuminate\\Http\\Request), Object(Closure), Array)
#10 /Users/macbookpro/Desktop/Apps/php-apps/assessment/vendor/laravel/framework/src/Illuminate/Routing/Middleware/ThrottleRequests.php(54): Illuminate\\Routing\\Middleware\\ThrottleRequests->handleRequestUsingNamedLimiter(Object(Illuminate\\Http\\Request), Object(Closure), 'api', Object(Closure))
#11 /Users/macbookpro/Desktop/Apps/php-apps/assessment/vendor/laravel/framework/src/Illuminate/Pipeline/Pipeline.php(180): Illuminate\\Routing\\Middleware\\ThrottleRequests->handle(Object(Illuminate\\Http\\Request), Object(Closure), 'api')
#12 /Users/macbookpro/Desktop/Apps/php-apps/assessment/vendor/laravel/framework/src/Illuminate/Pipeline/Pipeline.php(116): Illuminate\\Pipeline\\Pipeline->Illuminate\\Pipeline\\{closure}(Object(Illuminate\\Http\\Request))
#13 /Users/macbookpro/Desktop/Apps/php-apps/assessment/vendor/laravel/framework/src/Illuminate/Routing/Router.php(799): Illuminate\\Pipeline\\Pipeline->then(Object(Closure))
#14 /Users/macbookpro/Desktop/Apps/php-apps/assessment/vendor/laravel/framework/src/Illuminate/Routing/Router.php(776): Illuminate\\Routing\\Router->runRouteWithinStack(Object(Illuminate\\Routing\\Route), Object(Illuminate\\Http\\Request))
#15 /Users/macbookpro/Desktop/Apps/php-apps/assessment/vendor/laravel/framework/src/Illuminate/Routing/Router.php(740): Illuminate\\Routing\\Router->runRoute(Object(Illuminate\\Http\\Request), Object(Illuminate\\Routing\\Route))
#16 /Users/macbookpro/Desktop/Apps/php-apps/assessment/vendor/laravel/framework/src/Illuminate/Routing/Router.php(729): Illuminate\\Routing\\Router->dispatchToRoute(Object(Illuminate\\Http\\Request))
#17 /Users/macbookpro/Desktop/Apps/php-apps/assessment/vendor/laravel/framework/src/Illuminate/Foundation/Http/Kernel.php(190): Illuminate\\Routing\\Router->dispatch(Object(Illuminate\\Http\\Request))
#18 /Users/macbookpro/Desktop/Apps/php-apps/assessment/vendor/laravel/framework/src/Illuminate/Pipeline/Pipeline.php(141): Illuminate\\Foundation\\Http\\Kernel->Illuminate\\Foundation\\Http\\{closure}(Object(Illuminate\\Http\\Request))
#19 /Users/macbookpro/Desktop/Apps/php-apps/assessment/vendor/laravel/framework/src/Illuminate/Foundation/Http/Middleware/TransformsRequest.php(21): Illuminate\\Pipeline\\Pipeline->Illuminate\\Pipeline\\{closure}(Object(Illuminate\\Http\\Request))
#20 /Users/macbookpro/Desktop/Apps/php-apps/assessment/vendor/laravel/framework/src/Illuminate/Foundation/Http/Middleware/ConvertEmptyStringsToNull.php(31): Illuminate\\Foundation\\Http\\Middleware\\TransformsRequest->handle(Object(Illuminate\\Http\\Request), Object(Closure))
#21 /Users/macbookpro/Desktop/Apps/php-apps/assessment/vendor/laravel/framework/src/Illuminate/Pipeline/Pipeline.php(180): Illuminate\\Foundation\\Http\\Middleware\\ConvertEmptyStringsToNull->handle(Object(Illuminate\\Http\\Request), Object(Closure))
#22 /Users/macbookpro/Desktop/Apps/php-apps/assessment/vendor/laravel/framework/src/Illuminate/Foundation/Http/Middleware/TransformsRequest.php(21): Illuminate\\Pipeline\\Pipeline->Illuminate\\Pipeline\\{closure}(Object(Illuminate\\Http\\Request))
#23 /Users/macbookpro/Desktop/Apps/php-apps/assessment/vendor/laravel/framework/src/Illuminate/Foundation/Http/Middleware/TrimStrings.php(40): Illuminate\\Foundation\\Http\\Middleware\\TransformsRequest->handle(Object(Illuminate\\Http\\Request), Object(Closure))
#24 /Users/macbookpro/Desktop/Apps/php-apps/assessment/vendor/laravel/framework/src/Illuminate/Pipeline/Pipeline.php(180): Illuminate\\Foundation\\Http\\Middleware\\TrimStrings->handle(Object(Illuminate\\Http\\Request), Object(Closure))
#25 /Users/macbookpro/Desktop/Apps/php-apps/assessment/vendor/laravel/framework/src/Illuminate/Foundation/Http/Middleware/ValidatePostSize.php(27): Illuminate\\Pipeline\\Pipeline->Illuminate\\Pipeline\\{closure}(Object(Illuminate\\Http\\Request))
#26 /Users/macbookpro/Desktop/Apps/php-apps/assessment/vendor/laravel/framework/src/Illuminate/Pipeline/Pipeline.php(180): Illuminate\\Foundation\\Http\\Middleware\\ValidatePostSize->handle(Object(Illuminate\\Http\\Request), Object(Closure))
#27 /Users/macbookpro/Desktop/Apps/php-apps/assessment/vendor/laravel/framework/src/Illuminate/Foundation/Http/Middleware/PreventRequestsDuringMaintenance.php(86): Illuminate\\Pipeline\\Pipeline->Illuminate\\Pipeline\\{closure}(Object(Illuminate\\Http\\Request))
#28 /Users/macbookpro/Desktop/Apps/php-apps/assessment/vendor/laravel/framework/src/Illuminate/Pipeline/Pipeline.php(180): Illuminate\\Foundation\\Http\\Middleware\\PreventRequestsDuringMaintenance->handle(Object(Illuminate\\Http\\Request), Object(Closure))
#29 /Users/macbookpro/Desktop/Apps/php-apps/assessment/vendor/laravel/framework/src/Illuminate/Http/Middleware/HandleCors.php(62): Illuminate\\Pipeline\\Pipeline->Illuminate\\Pipeline\\{closure}(Object(Illuminate\\Http\\Request))
#30 /Users/macbookpro/Desktop/Apps/php-apps/assessment/vendor/laravel/framework/src/Illuminate/Pipeline/Pipeline.php(180): Illuminate\\Http\\Middleware\\HandleCors->handle(Object(Illuminate\\Http\\Request), Object(Closure))
#31 /Users/macbookpro/Desktop/Apps/php-apps/assessment/vendor/laravel/framework/src/Illuminate/Http/Middleware/TrustProxies.php(39): Illuminate\\Pipeline\\Pipeline->Illuminate\\Pipeline\\{closure}(Object(Illuminate\\Http\\Request))
#32 /Users/macbookpro/Desktop/Apps/php-apps/assessment/vendor/laravel/framework/src/Illuminate/Pipeline/Pipeline.php(180): Illuminate\\Http\\Middleware\\TrustProxies->handle(Object(Illuminate\\Http\\Request), Object(Closure))
#33 /Users/macbookpro/Desktop/Apps/php-apps/assessment/vendor/laravel/framework/src/Illuminate/Pipeline/Pipeline.php(116): Illuminate\\Pipeline\\Pipeline->Illuminate\\Pipeline\\{closure}(Object(Illuminate\\Http\\Request))
#34 /Users/macbookpro/Desktop/Apps/php-apps/assessment/vendor/laravel/framework/src/Illuminate/Foundation/Http/Kernel.php(165): Illuminate\\Pipeline\\Pipeline->then(Object(Closure))
#35 /Users/macbookpro/Desktop/Apps/php-apps/assessment/vendor/laravel/framework/src/Illuminate/Foundation/Http/Kernel.php(134): Illuminate\\Foundation\\Http\\Kernel->sendRequestThroughRouter(Object(Illuminate\\Http\\Request))
#36 /Users/macbookpro/Desktop/Apps/php-apps/assessment/public/index.php(52): Illuminate\\Foundation\\Http\\Kernel->handle(Object(Illuminate\\Http\\Request))
#37 /Users/macbookpro/.composer/vendor/laravel/valet/server.php(234): require('/Users/macbookp...')
#38 {main}
"} 
[2023-01-27 10:08:48] local.ERROR: Unresolvable dependency resolving [Parameter #0 [ <required> int $year ]] in class App\Services\SalaryPaymentService {"exception":"[object] (Illuminate\\Contracts\\Container\\BindingResolutionException(code: 0): Unresolvable dependency resolving [Parameter #0 [ <required> int $year ]] in class App\\Services\\SalaryPaymentService at /Users/macbookpro/Desktop/Apps/php-apps/assessment/vendor/laravel/framework/src/Illuminate/Container/Container.php:1106)
[stacktrace]
#0 /Users/macbookpro/Desktop/Apps/php-apps/assessment/vendor/laravel/framework/src/Illuminate/Container/Container.php(1013): Illuminate\\Container\\Container->unresolvablePrimitive(Object(ReflectionParameter))
#1 /Users/macbookpro/Desktop/Apps/php-apps/assessment/vendor/laravel/framework/src/Illuminate/Container/Container.php(944): Illuminate\\Container\\Container->resolvePrimitive(Object(ReflectionParameter))
#2 /Users/macbookpro/Desktop/Apps/php-apps/assessment/vendor/laravel/framework/src/Illuminate/Container/Container.php(906): Illuminate\\Container\\Container->resolveDependencies(Array)
#3 /Users/macbookpro/Desktop/Apps/php-apps/assessment/vendor/laravel/framework/src/Illuminate/Container/Container.php(756): Illuminate\\Container\\Container->build('App\\\\Services\\\\Sa...')
#4 /Users/macbookpro/Desktop/Apps/php-apps/assessment/vendor/laravel/framework/src/Illuminate/Foundation/Application.php(860): Illuminate\\Container\\Container->resolve('App\\\\Services\\\\Sa...', Array, true)
#5 /Users/macbookpro/Desktop/Apps/php-apps/assessment/vendor/laravel/framework/src/Illuminate/Container/Container.php(692): Illuminate\\Foundation\\Application->resolve('App\\\\Services\\\\Sa...', Array)
#6 /Users/macbookpro/Desktop/Apps/php-apps/assessment/vendor/laravel/framework/src/Illuminate/Foundation/Application.php(845): Illuminate\\Container\\Container->make('App\\\\Services\\\\Sa...', Array)
#7 /Users/macbookpro/Desktop/Apps/php-apps/assessment/vendor/laravel/framework/src/Illuminate/Container/Container.php(1029): Illuminate\\Foundation\\Application->make('App\\\\Services\\\\Sa...')
#8 /Users/macbookpro/Desktop/Apps/php-apps/assessment/vendor/laravel/framework/src/Illuminate/Container/Container.php(945): Illuminate\\Container\\Container->resolveClass(Object(ReflectionParameter))
#9 /Users/macbookpro/Desktop/Apps/php-apps/assessment/vendor/laravel/framework/src/Illuminate/Container/Container.php(906): Illuminate\\Container\\Container->resolveDependencies(Array)
#10 /Users/macbookpro/Desktop/Apps/php-apps/assessment/vendor/laravel/framework/src/Illuminate/Container/Container.php(756): Illuminate\\Container\\Container->build('App\\\\Console\\\\Com...')
#11 /Users/macbookpro/Desktop/Apps/php-apps/assessment/vendor/laravel/framework/src/Illuminate/Foundation/Application.php(860): Illuminate\\Container\\Container->resolve('App\\\\Console\\\\Com...', Array, true)
#12 /Users/macbookpro/Desktop/Apps/php-apps/assessment/vendor/laravel/framework/src/Illuminate/Container/Container.php(692): Illuminate\\Foundation\\Application->resolve('App\\\\Console\\\\Com...', Array)
#13 /Users/macbookpro/Desktop/Apps/php-apps/assessment/vendor/laravel/framework/src/Illuminate/Foundation/Application.php(845): Illuminate\\Container\\Container->make('App\\\\Console\\\\Com...', Array)
#14 /Users/macbookpro/Desktop/Apps/php-apps/assessment/vendor/laravel/framework/src/Illuminate/Console/Application.php(280): Illuminate\\Foundation\\Application->make('App\\\\Console\\\\Com...')
#15 /Users/macbookpro/Desktop/Apps/php-apps/assessment/vendor/laravel/framework/src/Illuminate/Foundation/Console/Kernel.php(301): Illuminate\\Console\\Application->resolve('App\\\\Console\\\\Com...')
#16 /Users/macbookpro/Desktop/Apps/php-apps/assessment/vendor/laravel/framework/src/Illuminate/Console/Application.php(161): Illuminate\\Foundation\\Console\\Kernel->Illuminate\\Foundation\\Console\\{closure}(Object(Illuminate\\Console\\Application))
#17 /Users/macbookpro/Desktop/Apps/php-apps/assessment/vendor/laravel/framework/src/Illuminate/Console/Application.php(82): Illuminate\\Console\\Application->bootstrap()
#18 /Users/macbookpro/Desktop/Apps/php-apps/assessment/vendor/laravel/framework/src/Illuminate/Foundation/Console/Kernel.php(417): Illuminate\\Console\\Application->__construct(Object(Illuminate\\Foundation\\Application), Object(Illuminate\\Events\\Dispatcher), '9.43.0')
#19 /Users/macbookpro/Desktop/Apps/php-apps/assessment/vendor/laravel/framework/src/Illuminate/Foundation/Console/Kernel.php(155): Illuminate\\Foundation\\Console\\Kernel->getArtisan()
#20 /Users/macbookpro/Desktop/Apps/php-apps/assessment/artisan(37): Illuminate\\Foundation\\Console\\Kernel->handle(Object(Symfony\\Component\\Console\\Input\\ArgvInput), Object(Symfony\\Component\\Console\\Output\\ConsoleOutput))
#21 {main}
"} 
[2023-01-27 10:10:19] local.ERROR: Unresolvable dependency resolving [Parameter #0 [ <required> int $year ]] in class App\Services\SalaryPaymentService {"exception":"[object] (Illuminate\\Contracts\\Container\\BindingResolutionException(code: 0): Unresolvable dependency resolving [Parameter #0 [ <required> int $year ]] in class App\\Services\\SalaryPaymentService at /Users/macbookpro/Desktop/Apps/php-apps/assessment/vendor/laravel/framework/src/Illuminate/Container/Container.php:1106)
[stacktrace]
#0 /Users/macbookpro/Desktop/Apps/php-apps/assessment/vendor/laravel/framework/src/Illuminate/Container/Container.php(1013): Illuminate\\Container\\Container->unresolvablePrimitive(Object(ReflectionParameter))
#1 /Users/macbookpro/Desktop/Apps/php-apps/assessment/vendor/laravel/framework/src/Illuminate/Container/Container.php(944): Illuminate\\Container\\Container->resolvePrimitive(Object(ReflectionParameter))
#2 /Users/macbookpro/Desktop/Apps/php-apps/assessment/vendor/laravel/framework/src/Illuminate/Container/Container.php(906): Illuminate\\Container\\Container->resolveDependencies(Array)
#3 /Users/macbookpro/Desktop/Apps/php-apps/assessment/vendor/laravel/framework/src/Illuminate/Container/Container.php(756): Illuminate\\Container\\Container->build('App\\\\Services\\\\Sa...')
#4 /Users/macbookpro/Desktop/Apps/php-apps/assessment/vendor/laravel/framework/src/Illuminate/Foundation/Application.php(860): Illuminate\\Container\\Container->resolve('App\\\\Services\\\\Sa...', Array, true)
#5 /Users/macbookpro/Desktop/Apps/php-apps/assessment/vendor/laravel/framework/src/Illuminate/Container/Container.php(692): Illuminate\\Foundation\\Application->resolve('App\\\\Services\\\\Sa...', Array)
#6 /Users/macbookpro/Desktop/Apps/php-apps/assessment/vendor/laravel/framework/src/Illuminate/Foundation/Application.php(845): Illuminate\\Container\\Container->make('App\\\\Services\\\\Sa...', Array)
#7 /Users/macbookpro/Desktop/Apps/php-apps/assessment/vendor/laravel/framework/src/Illuminate/Container/Container.php(1029): Illuminate\\Foundation\\Application->make('App\\\\Services\\\\Sa...')
#8 /Users/macbookpro/Desktop/Apps/php-apps/assessment/vendor/laravel/framework/src/Illuminate/Container/Container.php(945): Illuminate\\Container\\Container->resolveClass(Object(ReflectionParameter))
#9 /Users/macbookpro/Desktop/Apps/php-apps/assessment/vendor/laravel/framework/src/Illuminate/Container/Container.php(906): Illuminate\\Container\\Container->resolveDependencies(Array)
#10 /Users/macbookpro/Desktop/Apps/php-apps/assessment/vendor/laravel/framework/src/Illuminate/Container/Container.php(756): Illuminate\\Container\\Container->build('App\\\\Console\\\\Com...')
#11 /Users/macbookpro/Desktop/Apps/php-apps/assessment/vendor/laravel/framework/src/Illuminate/Foundation/Application.php(860): Illuminate\\Container\\Container->resolve('App\\\\Console\\\\Com...', Array, true)
#12 /Users/macbookpro/Desktop/Apps/php-apps/assessment/vendor/laravel/framework/src/Illuminate/Container/Container.php(692): Illuminate\\Foundation\\Application->resolve('App\\\\Console\\\\Com...', Array)
#13 /Users/macbookpro/Desktop/Apps/php-apps/assessment/vendor/laravel/framework/src/Illuminate/Foundation/Application.php(845): Illuminate\\Container\\Container->make('App\\\\Console\\\\Com...', Array)
#14 /Users/macbookpro/Desktop/Apps/php-apps/assessment/vendor/laravel/framework/src/Illuminate/Console/Application.php(280): Illuminate\\Foundation\\Application->make('App\\\\Console\\\\Com...')
#15 /Users/macbookpro/Desktop/Apps/php-apps/assessment/vendor/laravel/framework/src/Illuminate/Foundation/Console/Kernel.php(301): Illuminate\\Console\\Application->resolve('App\\\\Console\\\\Com...')
#16 /Users/macbookpro/Desktop/Apps/php-apps/assessment/vendor/laravel/framework/src/Illuminate/Console/Application.php(161): Illuminate\\Foundation\\Console\\Kernel->Illuminate\\Foundation\\Console\\{closure}(Object(Illuminate\\Console\\Application))
#17 /Users/macbookpro/Desktop/Apps/php-apps/assessment/vendor/laravel/framework/src/Illuminate/Console/Application.php(82): Illuminate\\Console\\Application->bootstrap()
#18 /Users/macbookpro/Desktop/Apps/php-apps/assessment/vendor/laravel/framework/src/Illuminate/Foundation/Console/Kernel.php(417): Illuminate\\Console\\Application->__construct(Object(Illuminate\\Foundation\\Application), Object(Illuminate\\Events\\Dispatcher), '9.43.0')
#19 /Users/macbookpro/Desktop/Apps/php-apps/assessment/vendor/laravel/framework/src/Illuminate/Foundation/Console/Kernel.php(155): Illuminate\\Foundation\\Console\\Kernel->getArtisan()
#20 /Users/macbookpro/Desktop/Apps/php-apps/assessment/artisan(37): Illuminate\\Foundation\\Console\\Kernel->handle(Object(Symfony\\Component\\Console\\Input\\ArgvInput), Object(Symfony\\Component\\Console\\Output\\ConsoleOutput))
#21 {main}
"} 
[2023-01-27 10:10:41] local.ERROR: Unresolvable dependency resolving [Parameter #0 [ <required> int $year ]] in class App\Services\SalaryPaymentService {"exception":"[object] (Illuminate\\Contracts\\Container\\BindingResolutionException(code: 0): Unresolvable dependency resolving [Parameter #0 [ <required> int $year ]] in class App\\Services\\SalaryPaymentService at /Users/macbookpro/Desktop/Apps/php-apps/assessment/vendor/laravel/framework/src/Illuminate/Container/Container.php:1106)
[stacktrace]
#0 /Users/macbookpro/Desktop/Apps/php-apps/assessment/vendor/laravel/framework/src/Illuminate/Container/Container.php(1013): Illuminate\\Container\\Container->unresolvablePrimitive(Object(ReflectionParameter))
#1 /Users/macbookpro/Desktop/Apps/php-apps/assessment/vendor/laravel/framework/src/Illuminate/Container/Container.php(944): Illuminate\\Container\\Container->resolvePrimitive(Object(ReflectionParameter))
#2 /Users/macbookpro/Desktop/Apps/php-apps/assessment/vendor/laravel/framework/src/Illuminate/Container/Container.php(906): Illuminate\\Container\\Container->resolveDependencies(Array)
#3 /Users/macbookpro/Desktop/Apps/php-apps/assessment/vendor/laravel/framework/src/Illuminate/Container/Container.php(756): Illuminate\\Container\\Container->build('App\\\\Services\\\\Sa...')
#4 /Users/macbookpro/Desktop/Apps/php-apps/assessment/vendor/laravel/framework/src/Illuminate/Foundation/Application.php(860): Illuminate\\Container\\Container->resolve('App\\\\Services\\\\Sa...', Array, true)
#5 /Users/macbookpro/Desktop/Apps/php-apps/assessment/vendor/laravel/framework/src/Illuminate/Container/Container.php(692): Illuminate\\Foundation\\Application->resolve('App\\\\Services\\\\Sa...', Array)
#6 /Users/macbookpro/Desktop/Apps/php-apps/assessment/vendor/laravel/framework/src/Illuminate/Foundation/Application.php(845): Illuminate\\Container\\Container->make('App\\\\Services\\\\Sa...', Array)
#7 /Users/macbookpro/Desktop/Apps/php-apps/assessment/vendor/laravel/framework/src/Illuminate/Container/Container.php(1029): Illuminate\\Foundation\\Application->make('App\\\\Services\\\\Sa...')
#8 /Users/macbookpro/Desktop/Apps/php-apps/assessment/vendor/laravel/framework/src/Illuminate/Container/Container.php(945): Illuminate\\Container\\Container->resolveClass(Object(ReflectionParameter))
#9 /Users/macbookpro/Desktop/Apps/php-apps/assessment/vendor/laravel/framework/src/Illuminate/Container/Container.php(906): Illuminate\\Container\\Container->resolveDependencies(Array)
#10 /Users/macbookpro/Desktop/Apps/php-apps/assessment/vendor/laravel/framework/src/Illuminate/Container/Container.php(756): Illuminate\\Container\\Container->build('App\\\\Console\\\\Com...')
#11 /Users/macbookpro/Desktop/Apps/php-apps/assessment/vendor/laravel/framework/src/Illuminate/Foundation/Application.php(860): Illuminate\\Container\\Container->resolve('App\\\\Console\\\\Com...', Array, true)
#12 /Users/macbookpro/Desktop/Apps/php-apps/assessment/vendor/laravel/framework/src/Illuminate/Container/Container.php(692): Illuminate\\Foundation\\Application->resolve('App\\\\Console\\\\Com...', Array)
#13 /Users/macbookpro/Desktop/Apps/php-apps/assessment/vendor/laravel/framework/src/Illuminate/Foundation/Application.php(845): Illuminate\\Container\\Container->make('App\\\\Console\\\\Com...', Array)
#14 /Users/macbookpro/Desktop/Apps/php-apps/assessment/vendor/laravel/framework/src/Illuminate/Console/Application.php(280): Illuminate\\Foundation\\Application->make('App\\\\Console\\\\Com...')
#15 /Users/macbookpro/Desktop/Apps/php-apps/assessment/vendor/laravel/framework/src/Illuminate/Foundation/Console/Kernel.php(301): Illuminate\\Console\\Application->resolve('App\\\\Console\\\\Com...')
#16 /Users/macbookpro/Desktop/Apps/php-apps/assessment/vendor/laravel/framework/src/Illuminate/Console/Application.php(161): Illuminate\\Foundation\\Console\\Kernel->Illuminate\\Foundation\\Console\\{closure}(Object(Illuminate\\Console\\Application))
#17 /Users/macbookpro/Desktop/Apps/php-apps/assessment/vendor/laravel/framework/src/Illuminate/Console/Application.php(82): Illuminate\\Console\\Application->bootstrap()
#18 /Users/macbookpro/Desktop/Apps/php-apps/assessment/vendor/laravel/framework/src/Illuminate/Foundation/Console/Kernel.php(417): Illuminate\\Console\\Application->__construct(Object(Illuminate\\Foundation\\Application), Object(Illuminate\\Events\\Dispatcher), '9.43.0')
#19 /Users/macbookpro/Desktop/Apps/php-apps/assessment/vendor/laravel/framework/src/Illuminate/Foundation/Console/Kernel.php(155): Illuminate\\Foundation\\Console\\Kernel->getArtisan()
#20 /Users/macbookpro/Desktop/Apps/php-apps/assessment/artisan(37): Illuminate\\Foundation\\Console\\Kernel->handle(Object(Symfony\\Component\\Console\\Input\\ArgvInput), Object(Symfony\\Component\\Console\\Output\\ConsoleOutput))
#21 {main}
"} 
[2023-01-27 10:15:16] local.ERROR: Unresolvable dependency resolving [Parameter #0 [ <required> int $year ]] in class App\Services\SalaryPaymentService {"exception":"[object] (Illuminate\\Contracts\\Container\\BindingResolutionException(code: 0): Unresolvable dependency resolving [Parameter #0 [ <required> int $year ]] in class App\\Services\\SalaryPaymentService at /Users/macbookpro/Desktop/Apps/php-apps/assessment/vendor/laravel/framework/src/Illuminate/Container/Container.php:1106)
[stacktrace]
#0 /Users/macbookpro/Desktop/Apps/php-apps/assessment/vendor/laravel/framework/src/Illuminate/Container/Container.php(1013): Illuminate\\Container\\Container->unresolvablePrimitive(Object(ReflectionParameter))
#1 /Users/macbookpro/Desktop/Apps/php-apps/assessment/vendor/laravel/framework/src/Illuminate/Container/Container.php(944): Illuminate\\Container\\Container->resolvePrimitive(Object(ReflectionParameter))
#2 /Users/macbookpro/Desktop/Apps/php-apps/assessment/vendor/laravel/framework/src/Illuminate/Container/Container.php(906): Illuminate\\Container\\Container->resolveDependencies(Array)
#3 /Users/macbookpro/Desktop/Apps/php-apps/assessment/vendor/laravel/framework/src/Illuminate/Container/Container.php(756): Illuminate\\Container\\Container->build('App\\\\Services\\\\Sa...')
#4 /Users/macbookpro/Desktop/Apps/php-apps/assessment/vendor/laravel/framework/src/Illuminate/Foundation/Application.php(860): Illuminate\\Container\\Container->resolve('App\\\\Services\\\\Sa...', Array, true)
#5 /Users/macbookpro/Desktop/Apps/php-apps/assessment/vendor/laravel/framework/src/Illuminate/Container/Container.php(692): Illuminate\\Foundation\\Application->resolve('App\\\\Services\\\\Sa...', Array)
#6 /Users/macbookpro/Desktop/Apps/php-apps/assessment/vendor/laravel/framework/src/Illuminate/Foundation/Application.php(845): Illuminate\\Container\\Container->make('App\\\\Services\\\\Sa...', Array)
#7 /Users/macbookpro/Desktop/Apps/php-apps/assessment/vendor/laravel/framework/src/Illuminate/Container/Container.php(1029): Illuminate\\Foundation\\Application->make('App\\\\Services\\\\Sa...')
#8 /Users/macbookpro/Desktop/Apps/php-apps/assessment/vendor/laravel/framework/src/Illuminate/Container/Container.php(945): Illuminate\\Container\\Container->resolveClass(Object(ReflectionParameter))
#9 /Users/macbookpro/Desktop/Apps/php-apps/assessment/vendor/laravel/framework/src/Illuminate/Container/Container.php(906): Illuminate\\Container\\Container->resolveDependencies(Array)
#10 /Users/macbookpro/Desktop/Apps/php-apps/assessment/vendor/laravel/framework/src/Illuminate/Container/Container.php(756): Illuminate\\Container\\Container->build('App\\\\Console\\\\Com...')
#11 /Users/macbookpro/Desktop/Apps/php-apps/assessment/vendor/laravel/framework/src/Illuminate/Foundation/Application.php(860): Illuminate\\Container\\Container->resolve('App\\\\Console\\\\Com...', Array, true)
#12 /Users/macbookpro/Desktop/Apps/php-apps/assessment/vendor/laravel/framework/src/Illuminate/Container/Container.php(692): Illuminate\\Foundation\\Application->resolve('App\\\\Console\\\\Com...', Array)
#13 /Users/macbookpro/Desktop/Apps/php-apps/assessment/vendor/laravel/framework/src/Illuminate/Foundation/Application.php(845): Illuminate\\Container\\Container->make('App\\\\Console\\\\Com...', Array)
#14 /Users/macbookpro/Desktop/Apps/php-apps/assessment/vendor/laravel/framework/src/Illuminate/Console/Application.php(280): Illuminate\\Foundation\\Application->make('App\\\\Console\\\\Com...')
#15 /Users/macbookpro/Desktop/Apps/php-apps/assessment/vendor/laravel/framework/src/Illuminate/Foundation/Console/Kernel.php(301): Illuminate\\Console\\Application->resolve('App\\\\Console\\\\Com...')
#16 /Users/macbookpro/Desktop/Apps/php-apps/assessment/vendor/laravel/framework/src/Illuminate/Console/Application.php(161): Illuminate\\Foundation\\Console\\Kernel->Illuminate\\Foundation\\Console\\{closure}(Object(Illuminate\\Console\\Application))
#17 /Users/macbookpro/Desktop/Apps/php-apps/assessment/vendor/laravel/framework/src/Illuminate/Console/Application.php(82): Illuminate\\Console\\Application->bootstrap()
#18 /Users/macbookpro/Desktop/Apps/php-apps/assessment/vendor/laravel/framework/src/Illuminate/Foundation/Console/Kernel.php(417): Illuminate\\Console\\Application->__construct(Object(Illuminate\\Foundation\\Application), Object(Illuminate\\Events\\Dispatcher), '9.43.0')
#19 /Users/macbookpro/Desktop/Apps/php-apps/assessment/vendor/laravel/framework/src/Illuminate/Foundation/Console/Kernel.php(155): Illuminate\\Foundation\\Console\\Kernel->getArtisan()
#20 /Users/macbookpro/Desktop/Apps/php-apps/assessment/artisan(37): Illuminate\\Foundation\\Console\\Kernel->handle(Object(Symfony\\Component\\Console\\Input\\ArgvInput), Object(Symfony\\Component\\Console\\Output\\ConsoleOutput))
#21 {main}
"} 
[2023-01-27 10:15:45] local.ERROR: Unresolvable dependency resolving [Parameter #0 [ <required> int $year ]] in class App\Services\SalaryPaymentService {"exception":"[object] (Illuminate\\Contracts\\Container\\BindingResolutionException(code: 0): Unresolvable dependency resolving [Parameter #0 [ <required> int $year ]] in class App\\Services\\SalaryPaymentService at /Users/macbookpro/Desktop/Apps/php-apps/assessment/vendor/laravel/framework/src/Illuminate/Container/Container.php:1106)
[stacktrace]
#0 /Users/macbookpro/Desktop/Apps/php-apps/assessment/vendor/laravel/framework/src/Illuminate/Container/Container.php(1013): Illuminate\\Container\\Container->unresolvablePrimitive(Object(ReflectionParameter))
#1 /Users/macbookpro/Desktop/Apps/php-apps/assessment/vendor/laravel/framework/src/Illuminate/Container/Container.php(944): Illuminate\\Container\\Container->resolvePrimitive(Object(ReflectionParameter))
#2 /Users/macbookpro/Desktop/Apps/php-apps/assessment/vendor/laravel/framework/src/Illuminate/Container/Container.php(906): Illuminate\\Container\\Container->resolveDependencies(Array)
#3 /Users/macbookpro/Desktop/Apps/php-apps/assessment/vendor/laravel/framework/src/Illuminate/Container/Container.php(756): Illuminate\\Container\\Container->build('App\\\\Services\\\\Sa...')
#4 /Users/macbookpro/Desktop/Apps/php-apps/assessment/vendor/laravel/framework/src/Illuminate/Foundation/Application.php(860): Illuminate\\Container\\Container->resolve('App\\\\Services\\\\Sa...', Array, true)
#5 /Users/macbookpro/Desktop/Apps/php-apps/assessment/vendor/laravel/framework/src/Illuminate/Container/Container.php(692): Illuminate\\Foundation\\Application->resolve('App\\\\Services\\\\Sa...', Array)
#6 /Users/macbookpro/Desktop/Apps/php-apps/assessment/vendor/laravel/framework/src/Illuminate/Foundation/Application.php(845): Illuminate\\Container\\Container->make('App\\\\Services\\\\Sa...', Array)
#7 /Users/macbookpro/Desktop/Apps/php-apps/assessment/vendor/laravel/framework/src/Illuminate/Container/Container.php(1029): Illuminate\\Foundation\\Application->make('App\\\\Services\\\\Sa...')
#8 /Users/macbookpro/Desktop/Apps/php-apps/assessment/vendor/laravel/framework/src/Illuminate/Container/Container.php(945): Illuminate\\Container\\Container->resolveClass(Object(ReflectionParameter))
#9 /Users/macbookpro/Desktop/Apps/php-apps/assessment/vendor/laravel/framework/src/Illuminate/Container/Container.php(906): Illuminate\\Container\\Container->resolveDependencies(Array)
#10 /Users/macbookpro/Desktop/Apps/php-apps/assessment/vendor/laravel/framework/src/Illuminate/Container/Container.php(756): Illuminate\\Container\\Container->build('App\\\\Console\\\\Com...')
#11 /Users/macbookpro/Desktop/Apps/php-apps/assessment/vendor/laravel/framework/src/Illuminate/Foundation/Application.php(860): Illuminate\\Container\\Container->resolve('App\\\\Console\\\\Com...', Array, true)
#12 /Users/macbookpro/Desktop/Apps/php-apps/assessment/vendor/laravel/framework/src/Illuminate/Container/Container.php(692): Illuminate\\Foundation\\Application->resolve('App\\\\Console\\\\Com...', Array)
#13 /Users/macbookpro/Desktop/Apps/php-apps/assessment/vendor/laravel/framework/src/Illuminate/Foundation/Application.php(845): Illuminate\\Container\\Container->make('App\\\\Console\\\\Com...', Array)
#14 /Users/macbookpro/Desktop/Apps/php-apps/assessment/vendor/laravel/framework/src/Illuminate/Console/Application.php(280): Illuminate\\Foundation\\Application->make('App\\\\Console\\\\Com...')
#15 /Users/macbookpro/Desktop/Apps/php-apps/assessment/vendor/laravel/framework/src/Illuminate/Foundation/Console/Kernel.php(301): Illuminate\\Console\\Application->resolve('App\\\\Console\\\\Com...')
#16 /Users/macbookpro/Desktop/Apps/php-apps/assessment/vendor/laravel/framework/src/Illuminate/Console/Application.php(161): Illuminate\\Foundation\\Console\\Kernel->Illuminate\\Foundation\\Console\\{closure}(Object(Illuminate\\Console\\Application))
#17 /Users/macbookpro/Desktop/Apps/php-apps/assessment/vendor/laravel/framework/src/Illuminate/Console/Application.php(82): Illuminate\\Console\\Application->bootstrap()
#18 /Users/macbookpro/Desktop/Apps/php-apps/assessment/vendor/laravel/framework/src/Illuminate/Foundation/Console/Kernel.php(417): Illuminate\\Console\\Application->__construct(Object(Illuminate\\Foundation\\Application), Object(Illuminate\\Events\\Dispatcher), '9.43.0')
#19 /Users/macbookpro/Desktop/Apps/php-apps/assessment/vendor/laravel/framework/src/Illuminate/Foundation/Console/Kernel.php(155): Illuminate\\Foundation\\Console\\Kernel->getArtisan()
#20 /Users/macbookpro/Desktop/Apps/php-apps/assessment/artisan(37): Illuminate\\Foundation\\Console\\Kernel->handle(Object(Symfony\\Component\\Console\\Input\\ArgvInput), Object(Symfony\\Component\\Console\\Output\\ConsoleOutput))
#21 {main}
"} 
